<?xml version="1.0" encoding="UTF-8"?>
<!-- Generated by org.testng.reporters.JUnitReportReporter -->
<testsuite skipped="0" hostname="nodeServices" name="first.LoginTest" tests="1" failures="0" timestamp="28 Jul 2018 07:52:09 GMT" time="27.784" errors="0">
  <testcase name="f" time="27.784" classname="first.LoginTest"/>
</testsuite> <!-- first.LoginTest -->
