<?xml version="1.0" encoding="UTF-8"?>
<!-- Generated by org.testng.reporters.JUnitReportReporter -->
<testsuite skipped="0" hostname="nodeServices" name="first.LoginTest" tests="1" failures="0" timestamp="29 Jul 2018 06:21:01 GMT" time="20.607" errors="0">
  <testcase name="f" time="20.607" classname="first.LoginTest"/>
</testsuite> <!-- first.LoginTest -->
