<?xml version="1.0" encoding="UTF-8"?>
<!-- Generated by org.testng.reporters.JUnitReportReporter -->
<testsuite skipped="0" hostname="nodeServices" name="second.LoginTest" tests="1" failures="0" timestamp="28 Jul 2018 15:57:57 GMT" time="76.801" errors="0">
  <testcase name="f" time="76.801" classname="second.LoginTest"/>
</testsuite> <!-- second.LoginTest -->
