<?xml version="1.0" encoding="UTF-8"?>
<!-- Generated by org.testng.reporters.JUnitReportReporter -->
<testsuite skipped="0" hostname="nodeServices" name="second.GoogleTest" tests="1" failures="0" timestamp="28 Jul 2018 16:06:16 GMT" time="17.856" errors="0">
  <testcase name="f" time="17.856" classname="second.GoogleTest"/>
</testsuite> <!-- second.GoogleTest -->
