<?xml version="1.0" encoding="UTF-8"?>
<!-- Generated by org.testng.reporters.JUnitReportReporter -->
<testsuite skipped="0" hostname="nodeServices" name="second.GoogleTest" tests="1" failures="0" timestamp="29 Jul 2018 06:21:01 GMT" time="11.363" errors="0">
  <testcase name="f" time="11.363" classname="second.GoogleTest"/>
</testsuite> <!-- second.GoogleTest -->
